This file contains any messages produced by compilers while
running configure, to aid debugging if configure makes a mistake.

It was created by configure, which was
generated by GNU Autoconf 2.62.  Invocation command line was

  $ ./configure --without-x

## --------- ##
## Platform. ##
## --------- ##

hostname = Tims-Linux-Box
uname -m = x86_64
uname -r = 6.14.0-24-generic
uname -s = Linux
uname -v = #24~24.04.3-Ubuntu SMP PREEMPT_DYNAMIC Mon Jul  7 16:39:17 UTC 2

/usr/bin/uname -p = x86_64
/bin/uname -X     = unknown

/bin/arch              = x86_64
/usr/bin/arch -k       = unknown
/usr/convex/getsysinfo = unknown
/usr/bin/hostinfo      = unknown
/bin/machine           = unknown
/usr/bin/oslevel       = unknown
/bin/universe          = unknown

PATH: /home/thordan/bin
PATH: /bin
PATH: /usr/bin
PATH: /usr/local/bin
PATH: /home/thordan/go/bin
PATH: /opt/local/bin
PATH: /opt/local/sbin
PATH: /opt/apache-maven-3.0.5/bin
PATH: /usr/local/sbin
PATH: /usr/local/bin
PATH: /usr/sbin
PATH: /usr/bin
PATH: /sbin
PATH: /bin
PATH: /usr/games
PATH: /usr/local/games
PATH: /snap/bin
PATH: /usr/local/gnutls/bin
PATH: /home/thordan/.rvm/bin


## ----------- ##
## Core tests. ##
## ----------- ##

configure:2066: checking for a BSD-compatible install
configure:2134: result: /bin/install -c
configure:2145: checking whether build environment is sane
configure:2188: result: yes
configure:2213: checking for a thread-safe mkdir -p
configure:2252: result: /bin/mkdir -p
configure:2265: checking for gawk
configure:2295: result: no
configure:2265: checking for mawk
configure:2281: found /bin/mawk
configure:2292: result: mawk
configure:2303: checking whether make sets $(MAKE)
configure:2325: result: yes
configure:2513: checking whether build environment is sane
configure:2556: result: yes
configure:2573: checking for a BSD-compatible install
configure:2641: result: /bin/install -c
configure:2700: checking for gcc
configure:2716: found /bin/gcc
configure:2727: result: gcc
configure:2965: checking for C compiler version
configure:2973: gcc --version >&5
gcc (Ubuntu 13.3.0-6ubuntu2~24.04) 13.3.0
Copyright (C) 2023 Free Software Foundation, Inc.
This is free software; see the source for copying conditions.  There is NO
warranty; not even for MERCHANTABILITY or FITNESS FOR A PARTICULAR PURPOSE.

configure:2977: $? = 0
configure:2984: gcc -v >&5
Using built-in specs.
COLLECT_GCC=gcc
COLLECT_LTO_WRAPPER=/usr/libexec/gcc/x86_64-linux-gnu/13/lto-wrapper
OFFLOAD_TARGET_NAMES=nvptx-none:amdgcn-amdhsa
OFFLOAD_TARGET_DEFAULT=1
Target: x86_64-linux-gnu
Configured with: ../src/configure -v --with-pkgversion='Ubuntu 13.3.0-6ubuntu2~24.04' --with-bugurl=file:///usr/share/doc/gcc-13/README.Bugs --enable-languages=c,ada,c++,go,d,fortran,objc,obj-c++,m2 --prefix=/usr --with-gcc-major-version-only --program-suffix=-13 --program-prefix=x86_64-linux-gnu- --enable-shared --enable-linker-build-id --libexecdir=/usr/libexec --without-included-gettext --enable-threads=posix --libdir=/usr/lib --enable-nls --enable-bootstrap --enable-clocale=gnu --enable-libstdcxx-debug --enable-libstdcxx-time=yes --with-default-libstdcxx-abi=new --enable-libstdcxx-backtrace --enable-gnu-unique-object --disable-vtable-verify --enable-plugin --enable-default-pie --with-system-zlib --enable-libphobos-checking=release --with-target-system-zlib=auto --enable-objc-gc=auto --enable-multiarch --disable-werror --enable-cet --with-arch-32=i686 --with-abi=m64 --with-multilib-list=m32,m64,mx32 --enable-multilib --with-tune=generic --enable-offload-targets=nvptx-none=/build/gcc-13-fG75Ri/gcc-13-13.3.0/debian/tmp-nvptx/usr,amdgcn-amdhsa=/build/gcc-13-fG75Ri/gcc-13-13.3.0/debian/tmp-gcn/usr --enable-offload-defaulted --without-cuda-driver --enable-checking=release --build=x86_64-linux-gnu --host=x86_64-linux-gnu --target=x86_64-linux-gnu --with-build-config=bootstrap-lto-lean --enable-link-serialization=2
Thread model: posix
Supported LTO compression algorithms: zlib zstd
gcc version 13.3.0 (Ubuntu 13.3.0-6ubuntu2~24.04) 
configure:2988: $? = 0
configure:2995: gcc -V >&5
gcc: error: unrecognized command-line option '-V'
gcc: fatal error: no input files
compilation terminated.
configure:2999: $? = 1
configure:3022: checking for C compiler default output file name
configure:3044: gcc    conftest.c  >&5
configure:3048: $? = 0
configure:3086: result: a.out
configure:3103: checking whether the C compiler works
configure:3113: ./a.out
configure:3117: $? = 0
configure:3134: result: yes
configure:3141: checking whether we are cross compiling
configure:3143: result: no
configure:3146: checking for suffix of executables
configure:3153: gcc -o conftest    conftest.c  >&5
configure:3157: $? = 0
configure:3181: result: 
configure:3187: checking for suffix of object files
configure:3213: gcc -c   conftest.c >&5
configure:3217: $? = 0
configure:3240: result: o
configure:3244: checking whether we are using the GNU C compiler
configure:3273: gcc -c   conftest.c >&5
configure:3280: $? = 0
configure:3297: result: yes
configure:3306: checking whether gcc accepts -g
configure:3336: gcc -c -g  conftest.c >&5
configure:3343: $? = 0
configure:3444: result: yes
configure:3461: checking for gcc option to accept ISO C89
configure:3535: gcc  -c -g -O2  conftest.c >&5
configure:3542: $? = 0
configure:3565: result: none needed
configure:3594: checking for style of include used by make
configure:3622: result: GNU
configure:3647: checking dependency style of gcc
configure:3738: result: gcc3
configure:3760: checking build system type
configure:3778: result: x86_64-unknown-linux-gnu
configure:3800: checking host system type
configure:3815: result: x86_64-unknown-linux-gnu
configure:3862: checking for a sed that does not truncate output
configure:3928: result: /bin/sed
configure:3946: checking for grep that handles long lines and -e
configure:4006: result: /bin/grep
configure:4011: checking for egrep
configure:4075: result: /bin/grep -E
configure:4080: checking for fgrep
configure:4144: result: /bin/grep -F
configure:4179: checking for ld used by gcc
configure:4246: result: /bin/ld
configure:4255: checking if the linker (/bin/ld) is GNU ld
configure:4270: result: yes
configure:4282: checking for BSD- or MS-compatible name lister (nm)
configure:4331: result: /bin/nm -B
configure:4453: checking the name lister (/bin/nm -B) interface
configure:4460: gcc -c -g -O2  conftest.c >&5
configure:4463: /bin/nm -B "conftest.o"
configure:4466: output
0000000000000000 B some_variable
configure:4473: result: BSD nm
configure:4476: checking whether ln -s works
configure:4480: result: yes
configure:4488: checking the maximum length of command line arguments
configure:4608: result: 1572864
configure:4625: checking whether the shell understands some XSI constructs
configure:4635: result: yes
configure:4639: checking whether the shell understands "+="
configure:4645: result: yes
configure:4680: checking for /bin/ld option to reload object files
configure:4687: result: -r
configure:4756: checking for objdump
configure:4772: found /bin/objdump
configure:4783: result: objdump
configure:4819: checking how to recognize dependent libraries
configure:5015: result: pass_all
configure:5075: checking for ar
configure:5091: found /bin/ar
configure:5102: result: ar
configure:5184: checking for strip
configure:5200: found /bin/strip
configure:5211: result: strip
configure:5287: checking for ranlib
configure:5303: found /bin/ranlib
configure:5314: result: ranlib
configure:5408: checking command to parse /bin/nm -B output from gcc object
configure:5526: gcc -c -g -O2  conftest.c >&5
configure:5529: $? = 0
configure:5533: /bin/nm -B conftest.o \| sed -n -e 's/^.*[	 ]\([ABCDGIRSTW][ABCDGIRSTW]*\)[	 ][	 ]*\([_A-Za-z][_A-Za-z0-9]*\)$/\1 \2 \2/p' \> conftest.nm
configure:5536: $? = 0
configure:5590: gcc -o conftest -g -O2   conftest.c conftstm.o >&5
configure:5593: $? = 0
configure:5631: result: ok
configure:5727: gcc -c -g -O2  conftest.c >&5
configure:5730: $? = 0
configure:6518: checking how to run the C preprocessor
configure:6558: gcc -E  conftest.c
configure:6565: $? = 0
configure:6596: gcc -E  conftest.c
conftest.c:10:10: fatal error: ac_nonexistent.h: No such file or directory
   10 | #include <ac_nonexistent.h>
      |          ^~~~~~~~~~~~~~~~~~
compilation terminated.
configure:6603: $? = 1
configure: failed program was:
| /* confdefs.h.  */
| #define PACKAGE_NAME ""
| #define PACKAGE_TARNAME ""
| #define PACKAGE_VERSION ""
| #define PACKAGE_STRING ""
| #define PACKAGE_BUGREPORT ""
| #define PACKAGE "eag"
| #define VERSION "2.6"
| /* end confdefs.h.  */
| #include <ac_nonexistent.h>
configure:6636: result: gcc -E
configure:6665: gcc -E  conftest.c
configure:6672: $? = 0
configure:6703: gcc -E  conftest.c
conftest.c:10:10: fatal error: ac_nonexistent.h: No such file or directory
   10 | #include <ac_nonexistent.h>
      |          ^~~~~~~~~~~~~~~~~~
compilation terminated.
configure:6710: $? = 1
configure: failed program was:
| /* confdefs.h.  */
| #define PACKAGE_NAME ""
| #define PACKAGE_TARNAME ""
| #define PACKAGE_VERSION ""
| #define PACKAGE_STRING ""
| #define PACKAGE_BUGREPORT ""
| #define PACKAGE "eag"
| #define VERSION "2.6"
| /* end confdefs.h.  */
| #include <ac_nonexistent.h>
configure:6748: checking for ANSI C header files
configure:6778: gcc -c -g -O2  conftest.c >&5
configure:6785: $? = 0
configure:6884: gcc -o conftest -g -O2   conftest.c  >&5
configure:6888: $? = 0
configure:6894: ./conftest
configure:6898: $? = 0
configure:6916: result: yes
configure:6940: checking for sys/types.h
configure:6961: gcc -c -g -O2  conftest.c >&5
configure:6968: $? = 0
configure:6985: result: yes
configure:6940: checking for sys/stat.h
configure:6961: gcc -c -g -O2  conftest.c >&5
configure:6968: $? = 0
configure:6985: result: yes
configure:6940: checking for stdlib.h
configure:6961: gcc -c -g -O2  conftest.c >&5
configure:6968: $? = 0
configure:6985: result: yes
configure:6940: checking for string.h
configure:6961: gcc -c -g -O2  conftest.c >&5
configure:6968: $? = 0
configure:6985: result: yes
configure:6940: checking for memory.h
configure:6961: gcc -c -g -O2  conftest.c >&5
configure:6968: $? = 0
configure:6985: result: yes
configure:6940: checking for strings.h
configure:6961: gcc -c -g -O2  conftest.c >&5
configure:6968: $? = 0
configure:6985: result: yes
configure:6940: checking for inttypes.h
configure:6961: gcc -c -g -O2  conftest.c >&5
configure:6968: $? = 0
configure:6985: result: yes
configure:6940: checking for stdint.h
configure:6961: gcc -c -g -O2  conftest.c >&5
configure:6968: $? = 0
configure:6985: result: yes
configure:6940: checking for unistd.h
configure:6961: gcc -c -g -O2  conftest.c >&5
configure:6968: $? = 0
configure:6985: result: yes
configure:7002: checking for dlfcn.h
configure:7023: gcc -c -g -O2  conftest.c >&5
configure:7030: $? = 0
configure:7047: result: yes
configure:7232: checking for objdir
configure:7247: result: .libs
configure:7539: checking if gcc supports -fno-rtti -fno-exceptions
configure:7557: gcc -c -g -O2  -fno-rtti -fno-exceptions conftest.c >&5
cc1: warning: command-line option '-fno-rtti' is valid for C++/D/ObjC++ but not for C
configure:7561: $? = 0
configure:7574: result: no
configure:7594: checking for gcc option to produce PIC
configure:7866: result: -fPIC -DPIC
configure:7878: checking if gcc PIC flag -fPIC -DPIC works
configure:7896: gcc -c -g -O2  -fPIC -DPIC -DPIC conftest.c >&5
configure:7900: $? = 0
configure:7913: result: yes
configure:7937: checking if gcc static flag -static works
configure:7965: result: yes
configure:7980: checking if gcc supports -c -o file.o
configure:8001: gcc -c -g -O2  -o out/conftest2.o conftest.c >&5
configure:8005: $? = 0
configure:8027: result: yes
configure:8035: checking if gcc supports -c -o file.o
configure:8082: result: yes
configure:8115: checking whether the gcc linker (/bin/ld -m elf_x86_64) supports shared libraries
configure:9189: result: yes
configure:9226: checking whether -lc should be explicitly linked in
configure:9231: gcc -c -g -O2  conftest.c >&5
configure:9234: $? = 0
configure:9249: gcc -shared conftest.o  -v -Wl,-soname -Wl,conftest -o conftest 2\>\&1 \| /bin/grep  -lc  \>/dev/null 2\>\&1
configure:9252: $? = 0
configure:9264: result: no
configure:9428: checking dynamic linker characteristics
configure:9871: gcc -o conftest -g -O2   -Wl,-rpath -Wl,/foo conftest.c  >&5
configure:9878: $? = 0
configure:10111: result: GNU/Linux ld.so
configure:10213: checking how to hardcode library paths into programs
configure:10238: result: immediate
configure:11071: checking whether stripping libraries is possible
configure:11076: result: yes
configure:11111: checking if libtool supports shared libraries
configure:11113: result: yes
configure:11116: checking whether to build shared libraries
configure:11137: result: yes
configure:11140: checking whether to build static libraries
configure:11144: result: yes
configure:11181: checking for ANSI C header files
configure:11349: result: yes
configure:11369: checking for stdlib.h
configure:11376: result: yes
configure:11380: checking stdarg.h usability
configure:11397: gcc -c -g -O2  conftest.c >&5
configure:11404: $? = 0
configure:11418: result: yes
configure:11422: checking stdarg.h presence
configure:11437: gcc -E  conftest.c
configure:11444: $? = 0
configure:11458: result: yes
configure:11486: checking for stdarg.h
configure:11495: result: yes
configure:11369: checking for string.h
configure:11376: result: yes
configure:11380: checking limits.h usability
configure:11397: gcc -c -g -O2  conftest.c >&5
configure:11404: $? = 0
configure:11418: result: yes
configure:11422: checking limits.h presence
configure:11437: gcc -E  conftest.c
configure:11444: $? = 0
configure:11458: result: yes
configure:11486: checking for limits.h
configure:11495: result: yes
configure:11380: checking malloc.h usability
configure:11397: gcc -c -g -O2  conftest.c >&5
configure:11404: $? = 0
configure:11418: result: yes
configure:11422: checking malloc.h presence
configure:11437: gcc -E  conftest.c
configure:11444: $? = 0
configure:11458: result: yes
configure:11486: checking for malloc.h
configure:11495: result: yes
configure:11380: checking sys/time.h usability
configure:11397: gcc -c -g -O2  conftest.c >&5
configure:11404: $? = 0
configure:11418: result: yes
configure:11422: checking sys/time.h presence
configure:11437: gcc -E  conftest.c
configure:11444: $? = 0
configure:11458: result: yes
configure:11486: checking for sys/time.h
configure:11495: result: yes
configure:11510: checking for X
configure:11739: result: disabled
configure:11772: checking whether byte ordering is bigendian
configure:11797: gcc -c -g -O2  conftest.c >&5
conftest.c:30:16: error: unknown type name 'neither'
   30 |                neither is defined;
      |                ^~~~~~~
conftest.c:30:27: error: expected '=', ',', ';', 'asm' or '__attribute__' before 'defined'
   30 |                neither is defined;
      |                           ^~~~~~~
configure:11804: $? = 1
configure: failed program was:
| /* confdefs.h.  */
| #define PACKAGE_NAME ""
| #define PACKAGE_TARNAME ""
| #define PACKAGE_VERSION ""
| #define PACKAGE_STRING ""
| #define PACKAGE_BUGREPORT ""
| #define PACKAGE "eag"
| #define VERSION "2.6"
| #define STDC_HEADERS 1
| #define HAVE_SYS_TYPES_H 1
| #define HAVE_SYS_STAT_H 1
| #define HAVE_STDLIB_H 1
| #define HAVE_STRING_H 1
| #define HAVE_MEMORY_H 1
| #define HAVE_STRINGS_H 1
| #define HAVE_INTTYPES_H 1
| #define HAVE_STDINT_H 1
| #define HAVE_UNISTD_H 1
| #define HAVE_DLFCN_H 1
| #define LT_OBJDIR ".libs/"
| #define STDC_HEADERS 1
| #define HAVE_STDLIB_H 1
| #define HAVE_STDARG_H 1
| #define HAVE_STRING_H 1
| #define HAVE_LIMITS_H 1
| #define HAVE_MALLOC_H 1
| #define HAVE_SYS_TIME_H 1
| /* end confdefs.h.  */
| #if ! (defined __BIG_ENDIAN__ || defined __LITTLE_ENDIAN__)
| 	       neither is defined;
| 	     #endif
| 	     typedef int dummy;
| 
configure:11848: gcc -c -g -O2  conftest.c >&5
configure:11855: $? = 0
configure:11887: gcc -c -g -O2  conftest.c >&5
conftest.c: In function 'main':
conftest.c:36:18: error: unknown type name 'not'; did you mean 'ino_t'?
   36 |                  not big endian
      |                  ^~~
      |                  ino_t
conftest.c:36:26: error: expected '=', ',', ';', 'asm' or '__attribute__' before 'endian'
   36 |                  not big endian
      |                          ^~~~~~
configure:11894: $? = 1
configure: failed program was:
| /* confdefs.h.  */
| #define PACKAGE_NAME ""
| #define PACKAGE_TARNAME ""
| #define PACKAGE_VERSION ""
| #define PACKAGE_STRING ""
| #define PACKAGE_BUGREPORT ""
| #define PACKAGE "eag"
| #define VERSION "2.6"
| #define STDC_HEADERS 1
| #define HAVE_SYS_TYPES_H 1
| #define HAVE_SYS_STAT_H 1
| #define HAVE_STDLIB_H 1
| #define HAVE_STRING_H 1
| #define HAVE_MEMORY_H 1
| #define HAVE_STRINGS_H 1
| #define HAVE_INTTYPES_H 1
| #define HAVE_STDINT_H 1
| #define HAVE_UNISTD_H 1
| #define HAVE_DLFCN_H 1
| #define LT_OBJDIR ".libs/"
| #define STDC_HEADERS 1
| #define HAVE_STDLIB_H 1
| #define HAVE_STDARG_H 1
| #define HAVE_STRING_H 1
| #define HAVE_LIMITS_H 1
| #define HAVE_MALLOC_H 1
| #define HAVE_SYS_TIME_H 1
| /* end confdefs.h.  */
| #include <sys/types.h>
| 		#include <sys/param.h>
| 
| int
| main ()
| {
| #if BYTE_ORDER != BIG_ENDIAN
| 		 not big endian
| 		#endif
| 
|   ;
|   return 0;
| }
configure:12146: result: no
configure:12166: checking for an ANSI C-conforming const
configure:12241: gcc -c -g -O2  conftest.c >&5
configure:12248: $? = 0
configure:12263: result: yes
configure:12273: checking for inline
configure:12299: gcc -c -g -O2  conftest.c >&5
configure:12306: $? = 0
configure:12324: result: inline
configure:12343: checking for size_t
configure:12371: gcc -c -g -O2  conftest.c >&5
configure:12378: $? = 0
configure:12405: gcc -c -g -O2  conftest.c >&5
conftest.c: In function 'main':
conftest.c:65:21: error: expected expression before ')' token
   65 | if (sizeof ((size_t)))
      |                     ^
configure:12412: $? = 1
configure: failed program was:
| /* confdefs.h.  */
| #define PACKAGE_NAME ""
| #define PACKAGE_TARNAME ""
| #define PACKAGE_VERSION ""
| #define PACKAGE_STRING ""
| #define PACKAGE_BUGREPORT ""
| #define PACKAGE "eag"
| #define VERSION "2.6"
| #define STDC_HEADERS 1
| #define HAVE_SYS_TYPES_H 1
| #define HAVE_SYS_STAT_H 1
| #define HAVE_STDLIB_H 1
| #define HAVE_STRING_H 1
| #define HAVE_MEMORY_H 1
| #define HAVE_STRINGS_H 1
| #define HAVE_INTTYPES_H 1
| #define HAVE_STDINT_H 1
| #define HAVE_UNISTD_H 1
| #define HAVE_DLFCN_H 1
| #define LT_OBJDIR ".libs/"
| #define STDC_HEADERS 1
| #define HAVE_STDLIB_H 1
| #define HAVE_STDARG_H 1
| #define HAVE_STRING_H 1
| #define HAVE_LIMITS_H 1
| #define HAVE_MALLOC_H 1
| #define HAVE_SYS_TIME_H 1
| /* end confdefs.h.  */
| #include <stdio.h>
| #ifdef HAVE_SYS_TYPES_H
| # include <sys/types.h>
| #endif
| #ifdef HAVE_SYS_STAT_H
| # include <sys/stat.h>
| #endif
| #ifdef STDC_HEADERS
| # include <stdlib.h>
| # include <stddef.h>
| #else
| # ifdef HAVE_STDLIB_H
| #  include <stdlib.h>
| # endif
| #endif
| #ifdef HAVE_STRING_H
| # if !defined STDC_HEADERS && defined HAVE_MEMORY_H
| #  include <memory.h>
| # endif
| # include <string.h>
| #endif
| #ifdef HAVE_STRINGS_H
| # include <strings.h>
| #endif
| #ifdef HAVE_INTTYPES_H
| # include <inttypes.h>
| #endif
| #ifdef HAVE_STDINT_H
| # include <stdint.h>
| #endif
| #ifdef HAVE_UNISTD_H
| # include <unistd.h>
| #endif
| int
| main ()
| {
| if (sizeof ((size_t)))
| 	  return 0;
|   ;
|   return 0;
| }
configure:12435: result: yes
configure:12447: checking whether time.h and sys/time.h may both be included
configure:12477: gcc -c -g -O2  conftest.c >&5
configure:12484: $? = 0
configure:12499: result: yes
configure:12510: checking return type of signal handlers
configure:12538: gcc -c -g -O2  conftest.c >&5
conftest.c: In function 'main':
conftest.c:36:10: error: void value not ignored as it ought to be
   36 | return *(signal (0, 0)) (0) == 1;
      |         ~^~~~~~~~~~~~~~~~~~
configure:12545: $? = 1
configure: failed program was:
| /* confdefs.h.  */
| #define PACKAGE_NAME ""
| #define PACKAGE_TARNAME ""
| #define PACKAGE_VERSION ""
| #define PACKAGE_STRING ""
| #define PACKAGE_BUGREPORT ""
| #define PACKAGE "eag"
| #define VERSION "2.6"
| #define STDC_HEADERS 1
| #define HAVE_SYS_TYPES_H 1
| #define HAVE_SYS_STAT_H 1
| #define HAVE_STDLIB_H 1
| #define HAVE_STRING_H 1
| #define HAVE_MEMORY_H 1
| #define HAVE_STRINGS_H 1
| #define HAVE_INTTYPES_H 1
| #define HAVE_STDINT_H 1
| #define HAVE_UNISTD_H 1
| #define HAVE_DLFCN_H 1
| #define LT_OBJDIR ".libs/"
| #define STDC_HEADERS 1
| #define HAVE_STDLIB_H 1
| #define HAVE_STDARG_H 1
| #define HAVE_STRING_H 1
| #define HAVE_LIMITS_H 1
| #define HAVE_MALLOC_H 1
| #define HAVE_SYS_TIME_H 1
| #define TIME_WITH_SYS_TIME 1
| /* end confdefs.h.  */
| #include <sys/types.h>
| #include <signal.h>
| 
| int
| main ()
| {
| return *(signal (0, 0)) (0) == 1;
|   ;
|   return 0;
| }
configure:12560: result: void
configure:12572: checking for vprintf
configure:12628: gcc -o conftest -g -O2   conftest.c  >&5
conftest.c:54:6: warning: conflicting types for built-in function 'vprintf'; expected 'int(const char *, __va_list_tag *)' [-Wbuiltin-declaration-mismatch]
   54 | char vprintf ();
      |      ^~~~~~~
conftest.c:42:1: note: 'vprintf' is declared in header '<stdio.h>'
   41 | # include <limits.h>
   42 | #else
configure:12635: $? = 0
configure:12657: result: yes
configure:12665: checking for _doprnt
configure:12721: gcc -o conftest -g -O2   conftest.c  >&5
/bin/ld: /tmp/ccMyoVVN.o: in function `main':
/home/thordan/eag/conftest.c:66:(.text.startup+0xb): undefined reference to `_doprnt'
collect2: error: ld returned 1 exit status
configure:12728: $? = 1
configure: failed program was:
| /* confdefs.h.  */
| #define PACKAGE_NAME ""
| #define PACKAGE_TARNAME ""
| #define PACKAGE_VERSION ""
| #define PACKAGE_STRING ""
| #define PACKAGE_BUGREPORT ""
| #define PACKAGE "eag"
| #define VERSION "2.6"
| #define STDC_HEADERS 1
| #define HAVE_SYS_TYPES_H 1
| #define HAVE_SYS_STAT_H 1
| #define HAVE_STDLIB_H 1
| #define HAVE_STRING_H 1
| #define HAVE_MEMORY_H 1
| #define HAVE_STRINGS_H 1
| #define HAVE_INTTYPES_H 1
| #define HAVE_STDINT_H 1
| #define HAVE_UNISTD_H 1
| #define HAVE_DLFCN_H 1
| #define LT_OBJDIR ".libs/"
| #define STDC_HEADERS 1
| #define HAVE_STDLIB_H 1
| #define HAVE_STDARG_H 1
| #define HAVE_STRING_H 1
| #define HAVE_LIMITS_H 1
| #define HAVE_MALLOC_H 1
| #define HAVE_SYS_TIME_H 1
| #define TIME_WITH_SYS_TIME 1
| #define RETSIGTYPE void
| #define HAVE_VPRINTF 1
| /* end confdefs.h.  */
| /* Define _doprnt to an innocuous variant, in case <limits.h> declares _doprnt.
|    For example, HP-UX 11i <limits.h> declares gettimeofday.  */
| #define _doprnt innocuous__doprnt
| 
| /* System header to define __stub macros and hopefully few prototypes,
|     which can conflict with char _doprnt (); below.
|     Prefer <limits.h> to <assert.h> if __STDC__ is defined, since
|     <limits.h> exists even on freestanding compilers.  */
| 
| #ifdef __STDC__
| # include <limits.h>
| #else
| # include <assert.h>
| #endif
| 
| #undef _doprnt
| 
| /* Override any GCC internal prototype to avoid an error.
|    Use char because int might match the return type of a GCC
|    builtin and then its argument prototype would still apply.  */
| #ifdef __cplusplus
| extern "C"
| #endif
| char _doprnt ();
| /* The GNU C library defines this for functions which it implements
|     to always fail with ENOSYS.  Some functions are actually named
|     something starting with __ and the normal name is an alias.  */
| #if defined __stub__doprnt || defined __stub____doprnt
| choke me
| #endif
| 
| int
| main ()
| {
| return _doprnt ();
|   ;
|   return 0;
| }
configure:12748: result: no
configure:12764: checking for pow in -lm
configure:12799: gcc -o conftest -g -O2   conftest.c -lm   >&5
conftest.c:39:6: warning: conflicting types for built-in function 'pow'; expected 'double(double,  double)' [-Wbuiltin-declaration-mismatch]
   39 | char pow ();
      |      ^~~
conftest.c:1:1: note: 'pow' is declared in header '<math.h>'
    1 | /* confdefs.h.  */
configure:12806: $? = 0
configure:12827: result: yes
configure:12838: checking whether make sets $(MAKE)
configure:12860: result: yes
configure:12988: creating ./config.status

## ---------------------- ##
## Running config.status. ##
## ---------------------- ##

This file was extended by config.status, which was
generated by GNU Autoconf 2.62.  Invocation command line was

  CONFIG_FILES    = 
  CONFIG_HEADERS  = 
  CONFIG_LINKS    = 
  CONFIG_COMMANDS = 
  $ ./config.status 

on Tims-Linux-Box

config.status:1007: creating Makefile
config.status:1007: creating doc/Makefile
config.status:1007: creating exp/Makefile
config.status:1007: creating examples/Makefile
config.status:1007: creating literature/Makefile
config.status:1007: creating gen/Makefile
config.status:1007: creating libalib/Makefile
config.status:1007: creating libeag/Makefile
config.status:1007: creating libebs/Makefile
config.status:1007: creating libedt/Makefile
config.status:1007: creating config.h
config.status:1229: config.h is unchanged
config.status:1281: executing depfiles commands
config.status:1281: executing libtool commands

## ---------------- ##
## Cache variables. ##
## ---------------- ##

ac_cv_build=x86_64-unknown-linux-gnu
ac_cv_c_bigendian=no
ac_cv_c_compiler_gnu=yes
ac_cv_c_const=yes
ac_cv_c_inline=inline
ac_cv_env_CC_set=
ac_cv_env_CC_value=
ac_cv_env_CFLAGS_set=
ac_cv_env_CFLAGS_value=
ac_cv_env_CPPFLAGS_set=
ac_cv_env_CPPFLAGS_value=
ac_cv_env_CPP_set=
ac_cv_env_CPP_value=
ac_cv_env_LDFLAGS_set=
ac_cv_env_LDFLAGS_value=
ac_cv_env_LIBS_set=
ac_cv_env_LIBS_value=
ac_cv_env_XMKMF_set=
ac_cv_env_XMKMF_value=
ac_cv_env_build_alias_set=
ac_cv_env_build_alias_value=
ac_cv_env_host_alias_set=
ac_cv_env_host_alias_value=
ac_cv_env_target_alias_set=
ac_cv_env_target_alias_value=
ac_cv_func__doprnt=no
ac_cv_func_vprintf=yes
ac_cv_header_dlfcn_h=yes
ac_cv_header_inttypes_h=yes
ac_cv_header_limits_h=yes
ac_cv_header_malloc_h=yes
ac_cv_header_memory_h=yes
ac_cv_header_stdarg_h=yes
ac_cv_header_stdc=yes
ac_cv_header_stdint_h=yes
ac_cv_header_stdlib_h=yes
ac_cv_header_string_h=yes
ac_cv_header_strings_h=yes
ac_cv_header_sys_stat_h=yes
ac_cv_header_sys_time_h=yes
ac_cv_header_sys_types_h=yes
ac_cv_header_time=yes
ac_cv_header_unistd_h=yes
ac_cv_host=x86_64-unknown-linux-gnu
ac_cv_lib_m_pow=yes
ac_cv_objext=o
ac_cv_path_EGREP='/bin/grep -E'
ac_cv_path_FGREP='/bin/grep -F'
ac_cv_path_GREP=/bin/grep
ac_cv_path_SED=/bin/sed
ac_cv_path_install='/bin/install -c'
ac_cv_path_mkdir=/bin/mkdir
ac_cv_prog_AWK=mawk
ac_cv_prog_CPP='gcc -E'
ac_cv_prog_ac_ct_AR=ar
ac_cv_prog_ac_ct_CC=gcc
ac_cv_prog_ac_ct_OBJDUMP=objdump
ac_cv_prog_ac_ct_RANLIB=ranlib
ac_cv_prog_ac_ct_STRIP=strip
ac_cv_prog_cc_c89=
ac_cv_prog_cc_g=yes
ac_cv_prog_make_make_set=yes
ac_cv_type_signal=void
ac_cv_type_size_t=yes
am_cv_CC_dependencies_compiler_type=gcc3
lt_cv_deplibs_check_method=pass_all
lt_cv_file_magic_cmd='$MAGIC_CMD'
lt_cv_file_magic_test_file=
lt_cv_ld_reload_flag=-r
lt_cv_nm_interface='BSD nm'
lt_cv_objdir=.libs
lt_cv_path_LD=/bin/ld
lt_cv_path_NM='/bin/nm -B'
lt_cv_prog_compiler_c_o=yes
lt_cv_prog_compiler_pic_works=yes
lt_cv_prog_compiler_rtti_exceptions=no
lt_cv_prog_compiler_static_works=yes
lt_cv_prog_gnu_ld=yes
lt_cv_sys_global_symbol_pipe='sed -n -e '\''s/^.*[	 ]\([ABCDGIRSTW][ABCDGIRSTW]*\)[	 ][	 ]*\([_A-Za-z][_A-Za-z0-9]*\)$/\1 \2 \2/p'\'''
lt_cv_sys_global_symbol_to_c_name_address='sed -n -e '\''s/^: \([^ ]*\) $/  {\"\1\", (void *) 0},/p'\'' -e '\''s/^[ABCDGIRSTW]* \([^ ]*\) \([^ ]*\)$/  {"\2", (void *) \&\2},/p'\'''
lt_cv_sys_global_symbol_to_c_name_address_lib_prefix='sed -n -e '\''s/^: \([^ ]*\) $/  {\"\1\", (void *) 0},/p'\'' -e '\''s/^[ABCDGIRSTW]* \([^ ]*\) \(lib[^ ]*\)$/  {"\2", (void *) \&\2},/p'\'' -e '\''s/^[ABCDGIRSTW]* \([^ ]*\) \([^ ]*\)$/  {"lib\2", (void *) \&\2},/p'\'''
lt_cv_sys_global_symbol_to_cdecl='sed -n -e '\''s/^T .* \(.*\)$/extern int \1();/p'\'' -e '\''s/^[ABCDGIRSTW]* .* \(.*\)$/extern char \1;/p'\'''
lt_cv_sys_max_cmd_len=1572864

## ----------------- ##
## Output variables. ##
## ----------------- ##

ACLOCAL='${SHELL} /home/thordan/eag/missing --run aclocal-1.10'
AMDEPBACKSLASH='\'
AMDEP_FALSE='#'
AMDEP_TRUE=''
AMTAR='${SHELL} /home/thordan/eag/missing --run tar'
AR='ar'
AUTOCONF='${SHELL} /home/thordan/eag/missing --run autoconf'
AUTOHEADER='${SHELL} /home/thordan/eag/missing --run autoheader'
AUTOMAKE='${SHELL} /home/thordan/eag/missing --run automake-1.10'
AWK='mawk'
CC='gcc'
CCDEPMODE='depmode=gcc3'
CFLAGS='-g -O2'
CPP='gcc -E'
CPPFLAGS=''
CYGPATH_W='echo'
DEFS='-DHAVE_CONFIG_H'
DEPDIR='.deps'
DO_EDT_FALSE=''
DO_EDT_TRUE='#'
DSYMUTIL=''
DUMPBIN=''
ECHO_C=''
ECHO_N='-n'
ECHO_T=''
EGREP='/bin/grep -E'
EXEEXT=''
FGREP='/bin/grep -F'
GREP='/bin/grep'
INSTALL_DATA='${INSTALL} -m 644'
INSTALL_PROGRAM='${INSTALL}'
INSTALL_SCRIPT='${INSTALL}'
INSTALL_STRIP_PROGRAM='$(install_sh) -c -s'
LD='/bin/ld -m elf_x86_64'
LDFLAGS=''
LIBOBJS=''
LIBS='-lm '
LIBTOOL='$(SHELL) $(top_builddir)/libtool'
LIBTOOL_DEPS='./ltmain.sh'
LIPO=''
LN_S='ln -s'
LTLIBOBJS=''
MAKEINFO='${SHELL} /home/thordan/eag/missing --run makeinfo'
MKDIR_P='/bin/mkdir -p'
NM='/bin/nm -B'
NMEDIT=''
OBJDUMP='objdump'
OBJEXT='o'
OTOOL64=''
OTOOL=''
PACKAGE='eag'
PACKAGE_BUGREPORT=''
PACKAGE_NAME=''
PACKAGE_STRING=''
PACKAGE_TARNAME=''
PACKAGE_VERSION=''
PATH_SEPARATOR=':'
RANLIB='ranlib'
SED='/bin/sed'
SET_MAKE=''
SHELL='/bin/bash'
STRIP='strip'
VERSION='2.6'
X11IDIR=''
X11LDIR=''
XMKMF=''
ac_ct_CC='gcc'
ac_ct_DUMPBIN=''
am__fastdepCC_FALSE='#'
am__fastdepCC_TRUE=''
am__include='include'
am__isrc=''
am__leading_dot='.'
am__quote=''
am__tar='${AMTAR} chof - "$$tardir"'
am__untar='${AMTAR} xf -'
bindir='${exec_prefix}/bin'
build='x86_64-unknown-linux-gnu'
build_alias=''
build_cpu='x86_64'
build_os='linux-gnu'
build_vendor='unknown'
datadir='${datarootdir}'
datarootdir='${prefix}/share'
docdir='${datarootdir}/doc/${PACKAGE}'
dvidir='${docdir}'
exec_prefix='${prefix}'
host='x86_64-unknown-linux-gnu'
host_alias=''
host_cpu='x86_64'
host_os='linux-gnu'
host_vendor='unknown'
htmldir='${docdir}'
includedir='${prefix}/include'
infodir='${datarootdir}/info'
install_sh='$(SHELL) /home/thordan/eag/install-sh'
libdir='${exec_prefix}/lib'
libexecdir='${exec_prefix}/libexec'
localedir='${datarootdir}/locale'
localstatedir='${prefix}/var'
lt_ECHO='echo'
mandir='${datarootdir}/man'
mkdir_p='/bin/mkdir -p'
oldincludedir='/usr/include'
pdfdir='${docdir}'
prefix='/usr/local'
program_transform_name='s,x,x,'
psdir='${docdir}'
sbindir='${exec_prefix}/sbin'
sharedstatedir='${prefix}/com'
sysconfdir='${prefix}/etc'
target_alias=''

## ----------- ##
## confdefs.h. ##
## ----------- ##

#define PACKAGE_NAME ""
#define PACKAGE_TARNAME ""
#define PACKAGE_VERSION ""
#define PACKAGE_STRING ""
#define PACKAGE_BUGREPORT ""
#define PACKAGE "eag"
#define VERSION "2.6"
#define STDC_HEADERS 1
#define HAVE_SYS_TYPES_H 1
#define HAVE_SYS_STAT_H 1
#define HAVE_STDLIB_H 1
#define HAVE_STRING_H 1
#define HAVE_MEMORY_H 1
#define HAVE_STRINGS_H 1
#define HAVE_INTTYPES_H 1
#define HAVE_STDINT_H 1
#define HAVE_UNISTD_H 1
#define HAVE_DLFCN_H 1
#define LT_OBJDIR ".libs/"
#define STDC_HEADERS 1
#define HAVE_STDLIB_H 1
#define HAVE_STDARG_H 1
#define HAVE_STRING_H 1
#define HAVE_LIMITS_H 1
#define HAVE_MALLOC_H 1
#define HAVE_SYS_TIME_H 1
#define TIME_WITH_SYS_TIME 1
#define RETSIGTYPE void
#define HAVE_VPRINTF 1
#define HAVE_LIBM 1

configure: exit 0
